-------------------------------------------------------------------------------
Test set: com.jocata.customermanagement.CustomerManagementApplicationTests
-------------------------------------------------------------------------------
Tests run: 1, Failures: 0, Errors: 1, Skipped: 0, Time elapsed: 12.404 s <<< FAILURE! - in com.jocata.customermanagement.CustomerManagementApplicationTests
contextLoads  Time elapsed: 0.073 s  <<< ERROR!
java.lang.IllegalStateException: Failed to load ApplicationContext
Caused by: org.springframework.beans.factory.UnsatisfiedDependencyException: Error creating bean with name 'loginController': Unsatisfied dependency expressed through field 'getService'; nested exception is org.springframework.beans.factory.UnsatisfiedDependencyException: Error creating bean with name 'loginService': Unsatisfied dependency expressed through field 'repo'; nested exception is org.springframework.beans.factory.BeanCreationException: Error creating bean with name 'loginRepository' defined in com.jocata.customermanagement.repository.LoginRepository defined in @EnableJpaRepositories declared on JpaRepositoriesRegistrar.EnableJpaRepositoriesConfiguration: Invocation of init method failed; nested exception is org.springframework.data.repository.query.QueryCreationException: Could not create query for public abstract java.util.List com.jocata.customermanagement.repository.LoginRepository.findBySortUserName()! Reason: Validation failed for query for method public abstract java.util.List com.jocata.customermanagement.repository.LoginRepository.findBySortUserName()!; nested exception is java.lang.IllegalArgumentException: Validation failed for query for method public abstract java.util.List com.jocata.customermanagement.repository.LoginRepository.findBySortUserName()!
Caused by: org.springframework.beans.factory.UnsatisfiedDependencyException: Error creating bean with name 'loginService': Unsatisfied dependency expressed through field 'repo'; nested exception is org.springframework.beans.factory.BeanCreationException: Error creating bean with name 'loginRepository' defined in com.jocata.customermanagement.repository.LoginRepository defined in @EnableJpaRepositories declared on JpaRepositoriesRegistrar.EnableJpaRepositoriesConfiguration: Invocation of init method failed; nested exception is org.springframework.data.repository.query.QueryCreationException: Could not create query for public abstract java.util.List com.jocata.customermanagement.repository.LoginRepository.findBySortUserName()! Reason: Validation failed for query for method public abstract java.util.List com.jocata.customermanagement.repository.LoginRepository.findBySortUserName()!; nested exception is java.lang.IllegalArgumentException: Validation failed for query for method public abstract java.util.List com.jocata.customermanagement.repository.LoginRepository.findBySortUserName()!
Caused by: org.springframework.beans.factory.BeanCreationException: Error creating bean with name 'loginRepository' defined in com.jocata.customermanagement.repository.LoginRepository defined in @EnableJpaRepositories declared on JpaRepositoriesRegistrar.EnableJpaRepositoriesConfiguration: Invocation of init method failed; nested exception is org.springframework.data.repository.query.QueryCreationException: Could not create query for public abstract java.util.List com.jocata.customermanagement.repository.LoginRepository.findBySortUserName()! Reason: Validation failed for query for method public abstract java.util.List com.jocata.customermanagement.repository.LoginRepository.findBySortUserName()!; nested exception is java.lang.IllegalArgumentException: Validation failed for query for method public abstract java.util.List com.jocata.customermanagement.repository.LoginRepository.findBySortUserName()!
Caused by: org.springframework.data.repository.query.QueryCreationException: Could not create query for public abstract java.util.List com.jocata.customermanagement.repository.LoginRepository.findBySortUserName()! Reason: Validation failed for query for method public abstract java.util.List com.jocata.customermanagement.repository.LoginRepository.findBySortUserName()!; nested exception is java.lang.IllegalArgumentException: Validation failed for query for method public abstract java.util.List com.jocata.customermanagement.repository.LoginRepository.findBySortUserName()!
Caused by: java.lang.IllegalArgumentException: Validation failed for query for method public abstract java.util.List com.jocata.customermanagement.repository.LoginRepository.findBySortUserName()!
Caused by: java.lang.IllegalArgumentException: org.hibernate.hql.internal.ast.QuerySyntaxException: tbl_user_login is not mapped [from tbl_user_login order by username]
Caused by: org.hibernate.hql.internal.ast.QuerySyntaxException: tbl_user_login is not mapped [from tbl_user_login order by username]
Caused by: org.hibernate.hql.internal.ast.QuerySyntaxException: tbl_user_login is not mapped

